SF:lib\common\exception.dart
DA:6,2
LF:1
LH:1
end_of_record
SF:lib\data\datasources\watchlist_data_source.dart
DA:18,1
DA:21,1
DA:23,3
DA:26,2
DA:31,1
DA:33,3
DA:36,2
DA:41,1
DA:42,3
DA:44,1
DA:51,1
DA:52,3
DA:53,4
LF:13
LH:13
end_of_record
SF:lib\data\models\episode_model.dart
DA:5,6
DA:29,1
DA:30,1
DA:31,1
DA:32,1
DA:33,1
DA:34,1
DA:35,1
DA:36,1
DA:37,1
DA:38,1
DA:39,1
DA:40,1
DA:43,2
DA:44,5
DA:45,2
DA:46,2
DA:47,2
DA:48,2
DA:49,2
DA:50,2
DA:51,2
DA:52,3
DA:53,2
DA:56,0
DA:57,0
DA:58,0
DA:59,0
DA:60,0
DA:61,0
DA:62,0
DA:63,0
DA:64,0
DA:65,0
DA:66,0
DA:69,3
DA:70,3
DA:71,3
DA:72,3
DA:73,3
DA:74,3
DA:75,3
DA:76,3
DA:77,3
DA:78,3
DA:79,3
DA:80,3
LF:47
LH:36
end_of_record
SF:lib\data\models\tv_detail_model.dart
DA:8,2
DA:76,1
DA:77,1
DA:78,2
DA:79,2
DA:80,2
DA:81,1
DA:82,1
DA:83,1
DA:84,2
DA:85,1
DA:86,1
DA:87,1
DA:88,1
DA:89,1
DA:90,1
DA:91,2
DA:92,1
DA:93,1
DA:94,1
DA:95,1
DA:96,1
DA:97,1
DA:98,1
DA:99,1
DA:100,1
DA:101,1
DA:102,1
DA:103,1
DA:104,4
DA:105,1
DA:106,1
DA:107,1
DA:108,1
DA:109,8
DA:110,1
DA:113,1
DA:114,1
DA:115,1
DA:116,1
DA:117,1
DA:118,1
DA:119,1
DA:120,1
DA:121,1
DA:122,1
DA:123,1
DA:124,1
DA:125,1
DA:126,1
DA:127,1
DA:128,1
DA:129,1
DA:130,1
DA:131,1
DA:132,1
DA:133,1
DA:134,1
DA:135,1
DA:136,1
DA:137,1
DA:138,1
DA:139,1
DA:140,5
DA:141,1
DA:142,1
DA:143,1
DA:144,1
DA:145,1
DA:149,1
DA:150,1
DA:151,1
DA:152,1
DA:153,1
DA:154,1
DA:155,1
DA:156,1
DA:157,1
DA:158,1
DA:159,1
DA:160,1
DA:161,1
DA:162,1
DA:163,1
DA:164,1
DA:165,1
DA:166,1
DA:167,1
DA:168,1
DA:169,1
DA:170,1
DA:171,1
DA:172,1
DA:173,1
DA:174,1
DA:175,1
DA:176,1
DA:177,1
DA:178,1
DA:179,1
DA:180,1
DA:181,1
DA:186,0
DA:200,0
DA:201,0
DA:202,0
DA:203,0
DA:204,0
DA:205,0
DA:206,0
DA:211,0
DA:235,0
DA:236,0
DA:237,0
DA:238,0
DA:239,0
DA:240,0
DA:241,0
DA:242,0
DA:243,0
DA:244,0
DA:245,0
DA:248,0
DA:249,0
DA:250,0
DA:251,0
DA:252,0
DA:253,0
DA:254,0
DA:255,0
DA:256,0
DA:257,0
DA:258,0
DA:259,0
DA:264,5
DA:276,2
DA:277,2
DA:278,2
DA:279,2
DA:280,2
DA:281,2
DA:286,5
DA:294,2
DA:295,2
DA:296,2
DA:297,2
DA:303,5
DA:313,2
DA:314,2
DA:315,2
DA:316,2
DA:317,2
LF:152
LH:120
end_of_record
SF:lib\data\models\tv_season_model.dart
DA:7,0
DA:9,0
DA:12,6
DA:32,1
DA:33,1
DA:34,1
DA:35,1
DA:36,5
DA:37,1
DA:38,1
DA:39,1
DA:40,1
DA:41,1
DA:44,1
DA:45,1
DA:46,3
DA:47,5
DA:48,6
DA:49,2
DA:50,2
DA:51,2
DA:52,2
DA:53,2
DA:56,0
DA:57,0
DA:58,0
DA:59,0
DA:60,0
DA:61,0
DA:62,0
DA:63,0
DA:64,0
DA:67,3
DA:68,3
DA:69,3
DA:70,3
DA:71,3
DA:72,3
DA:73,3
DA:74,3
DA:75,3
DA:76,3
LF:42
LH:31
end_of_record
SF:lib\data\models\watchlist_table.dart
DA:12,2
DA:19,2
DA:20,1
DA:21,1
DA:22,1
DA:23,1
DA:26,2
DA:27,1
DA:28,1
DA:29,1
DA:30,1
DA:33,0
DA:34,0
DA:35,0
DA:36,0
DA:37,0
DA:41,2
DA:42,1
DA:43,1
DA:44,1
DA:45,1
DA:48,2
DA:49,10
LF:23
LH:18
end_of_record
SF:lib\domain\entities\episode.dart
DA:4,2
DA:28,1
DA:29,1
LF:3
LH:3
end_of_record
SF:lib\domain\entities\genre.dart
DA:4,5
DA:12,2
DA:13,6
LF:3
LH:3
end_of_record
SF:lib\domain\entities\season.dart
DA:6,2
DA:26,1
DA:27,1
DA:28,1
DA:29,1
DA:30,1
DA:31,1
DA:32,1
DA:33,1
DA:34,1
DA:35,1
LF:11
LH:11
end_of_record
SF:lib\domain\entities\tv.dart
DA:5,9
DA:21,1
DA:42,5
DA:43,5
DA:44,5
DA:45,5
DA:46,5
DA:47,5
DA:48,5
DA:49,5
DA:50,5
DA:51,5
DA:52,5
DA:53,5
DA:54,5
DA:55,5
DA:56,5
LF:17
LH:17
end_of_record
SF:lib\domain\entities\tv_detail.dart
DA:8,5
DA:74,2
DA:75,2
DA:76,2
DA:77,2
DA:78,2
DA:79,2
DA:80,2
DA:81,2
DA:82,2
DA:83,2
DA:84,2
DA:85,2
DA:86,2
DA:87,2
DA:88,2
DA:89,2
DA:90,2
DA:91,2
DA:92,2
DA:93,2
DA:94,2
DA:95,2
DA:96,2
DA:97,2
DA:98,2
DA:99,2
DA:100,2
DA:101,2
DA:102,2
DA:103,2
DA:104,2
DA:105,2
DA:106,2
LF:34
LH:34
end_of_record
SF:lib\common\failure.dart
DA:6,7
DA:8,1
DA:9,2
DA:13,14
DA:17,2
DA:21,2
LF:6
LH:6
end_of_record
SF:lib\data\datasources\database_helper.dart
DA:8,0
DA:12,0
DA:16,0
DA:18,0
DA:25,0
DA:26,0
DA:27,0
DA:29,0
DA:33,0
DA:34,0
DA:41,0
DA:46,0
DA:47,0
DA:48,0
DA:51,0
DA:52,0
DA:53,0
DA:56,0
DA:60,0
DA:61,0
DA:62,0
DA:65,0
DA:68,0
DA:69,0
DA:75,0
DA:76,0
DA:77,0
LF:27
LH:0
end_of_record
SF:lib\data\datasources\tv_remote_data_source.dart
DA:26,1
DA:29,1
DA:31,5
DA:33,2
DA:34,4
DA:36,1
DA:41,1
DA:43,5
DA:45,2
DA:46,4
DA:48,1
DA:53,1
DA:55,5
DA:57,2
DA:58,4
DA:60,1
DA:65,1
DA:66,2
DA:67,3
DA:69,2
DA:70,4
DA:72,1
DA:77,1
DA:79,5
DA:81,2
DA:82,3
DA:84,1
DA:89,1
DA:91,5
DA:93,2
DA:94,4
DA:96,1
DA:101,1
DA:103,5
DA:104,2
DA:105,3
DA:107,1
LF:37
LH:37
end_of_record
SF:lib\data\models\tv_model.dart
DA:5,3
DA:35,4
DA:36,2
DA:37,8
DA:38,2
DA:39,4
DA:40,2
DA:41,4
DA:42,2
DA:43,4
DA:44,2
DA:45,2
DA:46,2
DA:47,2
DA:48,8
DA:51,2
DA:52,1
DA:53,4
DA:54,1
DA:55,1
DA:56,1
DA:57,1
DA:58,1
DA:59,1
DA:60,1
DA:61,1
DA:62,4
DA:63,1
DA:64,1
DA:67,1
DA:68,1
DA:69,1
DA:70,1
DA:71,1
DA:72,1
DA:73,1
DA:74,1
DA:75,1
DA:76,1
DA:77,1
DA:78,1
DA:79,1
DA:80,1
DA:81,1
DA:85,2
DA:86,2
DA:87,2
DA:88,2
DA:89,2
DA:90,2
DA:91,2
DA:92,2
DA:93,2
DA:94,2
DA:95,2
DA:96,2
DA:97,2
DA:98,2
DA:99,2
LF:59
LH:59
end_of_record
SF:lib\data\models\tv_response.dart
DA:7,2
DA:9,4
DA:10,4
DA:11,6
DA:12,6
DA:15,2
DA:16,5
DA:19,1
DA:20,2
LF:9
LH:9
end_of_record
SF:lib\data\models\genre_model.dart
DA:5,2
DA:13,2
DA:14,1
DA:15,1
DA:18,0
DA:19,0
DA:20,0
DA:23,1
DA:24,3
DA:27,1
DA:28,3
LF:11
LH:8
end_of_record
SF:lib\data\repositories\tv_repository_impl.dart
DA:18,1
DA:24,1
DA:26,3
DA:27,5
DA:28,1
DA:29,2
DA:30,1
DA:31,2
DA:36,1
DA:38,3
DA:39,5
DA:40,1
DA:41,2
DA:42,1
DA:43,2
DA:48,1
DA:50,3
DA:51,5
DA:52,1
DA:53,2
DA:54,1
DA:55,2
DA:60,1
DA:62,3
DA:63,2
DA:64,1
DA:65,2
DA:66,1
DA:67,2
DA:72,1
DA:74,3
DA:75,5
DA:76,1
DA:77,2
DA:78,1
DA:79,2
DA:84,1
DA:86,3
DA:87,3
DA:88,1
DA:89,2
DA:90,1
DA:91,2
DA:96,1
DA:97,3
DA:98,5
DA:102,1
DA:103,3
DA:108,1
DA:111,4
DA:112,1
DA:113,1
DA:114,3
DA:119,1
DA:122,4
DA:123,1
DA:124,1
DA:125,3
DA:132,1
DA:134,3
DA:135,2
DA:136,1
DA:137,2
DA:138,1
DA:139,2
LF:65
LH:65
end_of_record
SF:lib\domain\usecases\tv\get_popular_tv.dart
DA:9,1
DA:11,1
DA:12,2
LF:3
LH:3
end_of_record
SF:lib\domain\usecases\tv\get_top_rated_tv.dart
DA:9,1
DA:11,1
DA:12,2
LF:3
LH:3
end_of_record
SF:lib\domain\usecases\tv\get_tv_detail.dart
DA:9,1
DA:11,1
DA:12,2
LF:3
LH:3
end_of_record
SF:lib\domain\usecases\tv\get_now_playing_tv.dart
DA:9,1
DA:11,1
DA:12,2
LF:3
LH:3
end_of_record
SF:lib\domain\usecases\tv\get_tv_recommendations.dart
DA:9,1
DA:11,1
DA:12,2
LF:3
LH:3
end_of_record
SF:lib\domain\usecases\tv\get_tv_season_episodes.dart
DA:9,1
DA:11,1
DA:12,2
LF:3
LH:3
end_of_record
SF:lib\domain\usecases\tv\get_watchlist_status.dart
DA:7,1
DA:9,1
DA:10,2
LF:3
LH:3
end_of_record
SF:lib\domain\usecases\tv\get_watchlist_tv.dart
DA:9,1
DA:11,1
DA:12,2
LF:3
LH:3
end_of_record
SF:lib\domain\usecases\tv\remove_watchlist.dart
DA:9,1
DA:11,1
DA:12,2
LF:3
LH:3
end_of_record
SF:lib\domain\usecases\tv\save_watchlist.dart
DA:9,1
DA:11,1
DA:12,2
LF:3
LH:3
end_of_record
SF:lib\domain\usecases\tv\get_search_tv.dart
DA:9,1
DA:11,1
DA:12,2
LF:3
LH:3
end_of_record
SF:lib\presentation\bloc\now_playing_tv_bloc.dart
DA:10,3
DA:14,1
DA:17,1
DA:18,2
DA:19,3
DA:21,2
DA:22,1
DA:23,3
DA:24,1
DA:25,2
LF:10
LH:10
end_of_record
SF:lib\presentation\bloc\now_playing_tv_state.dart
DA:4,1
DA:6,1
DA:7,1
DA:17,1
DA:19,1
DA:20,2
DA:26,1
DA:28,1
DA:29,2
LF:9
LH:9
end_of_record
SF:lib\presentation\bloc\now_playing_tv_event.dart
DA:4,1
DA:6,0
DA:7,0
LF:3
LH:1
end_of_record
SF:lib\presentation\bloc\popular_tv_state.dart
DA:4,1
DA:6,1
DA:7,1
DA:17,1
DA:19,1
DA:20,2
DA:26,1
DA:28,1
DA:29,2
LF:9
LH:9
end_of_record
SF:lib\presentation\bloc\popular_tv_bloc.dart
DA:12,3
DA:15,1
DA:18,1
DA:19,2
DA:20,3
DA:22,3
DA:23,3
DA:24,1
DA:25,2
LF:9
LH:9
end_of_record
SF:lib\presentation\bloc\popular_tv_event.dart
DA:4,1
DA:6,0
DA:7,0
LF:3
LH:1
end_of_record
SF:lib\presentation\bloc\tv_recommendations_state.dart
DA:4,1
DA:6,1
DA:7,1
DA:16,1
DA:18,1
DA:19,2
DA:24,1
DA:26,1
DA:27,2
LF:9
LH:9
end_of_record
SF:lib\presentation\bloc\tv_recommendations_event.dart
DA:4,1
DA:6,0
DA:7,0
DA:13,1
DA:15,0
DA:16,0
LF:6
LH:2
end_of_record
SF:lib\presentation\bloc\tv_recommendations_bloc.dart
DA:12,3
DA:15,1
DA:18,1
DA:19,2
DA:20,4
DA:22,2
DA:23,1
DA:24,3
DA:26,1
DA:27,2
LF:10
LH:10
end_of_record
SF:lib\presentation\bloc\top_rated_tv_event.dart
DA:4,1
DA:6,0
DA:7,0
LF:3
LH:1
end_of_record
SF:lib\presentation\bloc\top_rated_tv_bloc.dart
DA:11,3
DA:14,1
DA:17,1
DA:18,2
DA:19,3
DA:21,3
DA:22,3
DA:23,1
DA:24,2
LF:9
LH:9
end_of_record
SF:lib\presentation\bloc\top_rated_tv_state.dart
DA:4,1
DA:6,1
DA:7,1
DA:17,1
DA:19,1
DA:20,2
DA:26,1
DA:28,1
DA:29,2
LF:9
LH:9
end_of_record
SF:lib\presentation\bloc\search\search_tv_state.dart
DA:4,1
DA:6,1
DA:7,1
DA:17,1
DA:19,1
DA:20,2
DA:26,1
DA:28,1
DA:29,2
LF:9
LH:9
end_of_record
SF:lib\presentation\bloc\search\search_tv_bloc.dart
DA:12,3
DA:15,1
DA:18,1
DA:19,2
DA:20,4
DA:21,2
DA:22,1
DA:23,3
DA:25,1
DA:26,2
LF:10
LH:10
end_of_record
SF:lib\presentation\bloc\search\search_tv_event.dart
DA:4,1
DA:6,0
DA:7,0
DA:13,1
DA:15,0
DA:16,0
LF:6
LH:2
end_of_record
SF:lib\presentation\bloc\tv_detail_event.dart
DA:4,1
DA:6,0
DA:7,0
DA:13,1
DA:15,0
DA:16,0
LF:6
LH:2
end_of_record
SF:lib\presentation\bloc\tv_detail_state.dart
DA:4,1
DA:6,1
DA:7,1
DA:17,1
DA:19,1
DA:20,2
DA:26,1
DA:28,1
DA:29,2
LF:9
LH:9
end_of_record
SF:lib\presentation\bloc\tv_detail_bloc.dart
DA:13,3
DA:16,1
DA:19,1
DA:20,2
DA:21,4
DA:22,2
DA:23,1
DA:24,3
DA:26,1
DA:27,2
LF:10
LH:10
end_of_record
SF:lib\tv.dart
DA:6,2
LF:1
LH:1
end_of_record
